# JRE version: Java(TM) SE Runtime Environment (8.0_181-b13) (build 1.8.0_181-b13)
# Java VM: Java HotSpot(TM) 64-Bit Server VM (25.181-b13 mixed mode windows-amd64 compressed oops)
Heap:
 PSYoungGen      total 117248K, used 80776K [0x00000000d5c00000, 0x00000000e1d00000, 0x0000000100000000)
  eden space 104448K, 77% used [0x00000000d5c00000,0x00000000daae2188,0x00000000dc200000)
  from space 12800K, 0% used [0x00000000dc200000,0x00000000dc200000,0x00000000dce80000)
  to   space 14336K, 0% used [0x00000000e0f00000,0x00000000e0f00000,0x00000000e1d00000)
 ParOldGen       total 94720K, used 18773K [0x0000000081400000, 0x0000000087080000, 0x00000000d5c00000)
  object space 94720K, 19% used [0x0000000081400000,0x00000000826554b8,0x0000000087080000)
 Metaspace       used 36446K, capacity 37618K, committed 37848K, reserved 1081344K
  class space    used 4784K, capacity 5030K, committed 5120K, reserved 1048576K
GC Heap History (10 events):
Event: 10.244 GC heap before
{Heap before GC invocations=5 (full 1):
 PSYoungGen      total 71680K, used 5108K [0x00000000d5c00000, 0x00000000da700000, 0x0000000100000000)
  eden space 66560K, 0% used [0x00000000d5c00000,0x00000000d5c00000,0x00000000d9d00000)
  from space 5120K, 99% used [0x00000000da200000,0x00000000da6fd230,0x00000000da700000)
  to   space 5120K, 0% used [0x00000000d9d00000,0x00000000d9d00000,0x00000000da200000)
 ParOldGen       total 87552K, used 5473K [0x0000000081400000, 0x0000000086980000, 0x00000000d5c00000)
  object space 87552K, 6% used [0x0000000081400000,0x0000000081958760,0x0000000086980000)
 Metaspace       used 20664K, capacity 21138K, committed 21248K, reserved 1067008K
  class space    used 2672K, capacity 2810K, committed 2816K, reserved 1048576K
Event: 10.369 GC heap after
Heap after GC invocations=5 (full 1):
 PSYoungGen      total 71680K, used 0K [0x00000000d5c00000, 0x00000000da700000, 0x0000000100000000)
  eden space 66560K, 0% used [0x00000000d5c00000,0x00000000d5c00000,0x00000000d9d00000)
  from space 5120K, 0% used [0x00000000da200000,0x00000000da200000,0x00000000da700000)
  to   space 5120K, 0% used [0x00000000d9d00000,0x00000000d9d00000,0x00000000da200000)
 ParOldGen       total 57344K, used 8119K [0x0000000081400000, 0x0000000084c00000, 0x00000000d5c00000)
  object space 57344K, 14% used [0x0000000081400000,0x0000000081bedc10,0x0000000084c00000)
 Metaspace       used 20662K, capacity 21136K, committed 21248K, reserved 1067008K
  class space    used 2671K, capacity 2809K, committed 2816K, reserved 1048576K
}
Event: 14.347 GC heap before
{Heap before GC invocations=6 (full 1):
 PSYoungGen      total 71680K, used 66560K [0x00000000d5c00000, 0x00000000da700000, 0x0000000100000000)
  eden space 66560K, 100% used [0x00000000d5c00000,0x00000000d9d00000,0x00000000d9d00000)
  from space 5120K, 0% used [0x00000000da200000,0x00000000da200000,0x00000000da700000)
  to   space 5120K, 0% used [0x00000000d9d00000,0x00000000d9d00000,0x00000000da200000)
 ParOldGen       total 57344K, used 8119K [0x0000000081400000, 0x0000000084c00000, 0x00000000d5c00000)
  object space 57344K, 14% used [0x0000000081400000,0x0000000081bedc10,0x0000000084c00000)
 Metaspace       used 27420K, capacity 28038K, committed 28160K, reserved 1073152K
  class space    used 3578K, capacity 3750K, committed 3840K, reserved 1048576K
Event: 14.396 GC heap after
Heap after GC invocations=6 (full 1):
 PSYoungGen      total 71680K, used 5093K [0x00000000d5c00000, 0x00000000ddc80000, 0x0000000100000000)
  eden space 66560K, 0% used [0x00000000d5c00000,0x00000000d5c00000,0x00000000d9d00000)
  from space 5120K, 99% used [0x00000000d9d00000,0x00000000da1f9690,0x00000000da200000)
  to   space 12288K, 0% used [0x00000000dd080000,0x00000000dd080000,0x00000000ddc80000)
 ParOldGen       total 57344K, used 14179K [0x0000000081400000, 0x0000000084c00000, 0x00000000d5c00000)
  object space 57344K, 24% used [0x0000000081400000,0x00000000821d8e00,0x0000000084c00000)
 Metaspace       used 27420K, capacity 28038K, committed 28160K, reserved 1073152K
  class space    used 3578K, capacity 3750K, committed 3840K, reserved 1048576K
}
Event: 19.026 GC heap before
{Heap before GC invocations=7 (full 1):
 PSYoungGen      total 71680K, used 71653K [0x00000000d5c00000, 0x00000000ddc80000, 0x0000000100000000)
  eden space 66560K, 100% used [0x00000000d5c00000,0x00000000d9d00000,0x00000000d9d00000)
  from space 5120K, 99% used [0x00000000d9d00000,0x00000000da1f9690,0x00000000da200000)
  to   space 12288K, 0% used [0x00000000dd080000,0x00000000dd080000,0x00000000ddc80000)
 ParOldGen       total 57344K, used 14179K [0x0000000081400000, 0x0000000084c00000, 0x00000000d5c00000)
  object space 57344K, 24% used [0x0000000081400000,0x00000000821d8e00,0x0000000084c00000)
 Metaspace       used 31280K, capacity 32398K, committed 32640K, reserved 1077248K
  class space    used 4104K, capacity 4356K, committed 4480K, reserved 1048576K
Event: 19.064 GC heap after
Heap after GC invocations=7 (full 1):
 PSYoungGen      total 115200K, used 10152K [0x00000000d5c00000, 0x00000000ddb00000, 0x0000000100000000)
  eden space 104448K, 0% used [0x00000000d5c00000,0x00000000d5c00000,0x00000000dc200000)
  from space 10752K, 94% used [0x00000000dd080000,0x00000000dda6a0e8,0x00000000ddb00000)
  to   space 12800K, 0% used [0x00000000dc200000,0x00000000dc200000,0x00000000dce80000)
 ParOldGen       total 57344K, used 14187K [0x0000000081400000, 0x0000000084c00000, 0x00000000d5c00000)
  object space 57344K, 24% used [0x0000000081400000,0x00000000821dae00,0x0000000084c00000)
 Metaspace       used 31280K, capacity 32398K, committed 32640K, reserved 1077248K
  class space    used 4104K, capacity 4356K, committed 4480K, reserved 1048576K
}
Event: 22.111 GC heap before
{Heap before GC invocations=8 (full 1):
 PSYoungGen      total 115200K, used 65407K [0x00000000d5c00000, 0x00000000ddb00000, 0x0000000100000000)
  eden space 104448K, 52% used [0x00000000d5c00000,0x00000000d91f5b28,0x00000000dc200000)
  from space 10752K, 94% used [0x00000000dd080000,0x00000000dda6a0e8,0x00000000ddb00000)
  to   space 12800K, 0% used [0x00000000dc200000,0x00000000dc200000,0x00000000dce80000)
 ParOldGen       total 57344K, used 14187K [0x0000000081400000, 0x0000000084c00000, 0x00000000d5c00000)
  object space 57344K, 24% used [0x0000000081400000,0x00000000821dae00,0x0000000084c00000)
 Metaspace       used 34218K, capacity 35334K, committed 35416K, reserved 1079296K
  class space    used 4442K, capacity 4664K, committed 4736K, reserved 1048576K
Event: 22.205 GC heap after
Heap after GC invocations=8 (full 1):
 PSYoungGen      total 117248K, used 12319K [0x00000000d5c00000, 0x00000000e1d00000, 0x0000000100000000)
  eden space 104448K, 0% used [0x00000000d5c00000,0x00000000d5c00000,0x00000000dc200000)
  from space 12800K, 96% used [0x00000000dc200000,0x00000000dce07ea0,0x00000000dce80000)
  to   space 14336K, 0% used [0x00000000e0f00000,0x00000000e0f00000,0x00000000e1d00000)
 ParOldGen       total 57344K, used 14195K [0x0000000081400000, 0x0000000084c00000, 0x00000000d5c00000)
  object space 57344K, 24% used [0x0000000081400000,0x00000000821dce00,0x0000000084c00000)
 Metaspace       used 34218K, capacity 35334K, committed 35416K, reserved 1079296K
  class space    used 4442K, capacity 4664K, committed 4736K, reserved 1048576K
}
Event: 22.206 GC heap before
{Heap before GC invocations=9 (full 2):
 PSYoungGen      total 117248K, used 12319K [0x00000000d5c00000, 0x00000000e1d00000, 0x0000000100000000)
  eden space 104448K, 0% used [0x00000000d5c00000,0x00000000d5c00000,0x00000000dc200000)
  from space 12800K, 96% used [0x00000000dc200000,0x00000000dce07ea0,0x00000000dce80000)
  to   space 14336K, 0% used [0x00000000e0f00000,0x00000000e0f00000,0x00000000e1d00000)
 ParOldGen       total 57344K, used 14195K [0x0000000081400000, 0x0000000084c00000, 0x00000000d5c00000)
  object space 57344K, 24% used [0x0000000081400000,0x00000000821dce00,0x0000000084c00000)
 Metaspace       used 34218K, capacity 35334K, committed 35416K, reserved 1079296K
  class space    used 4442K, capacity 4664K, committed 4736K, reserved 1048576K
Event: 22.585 GC heap after
Heap after GC invocations=9 (full 2):
 PSYoungGen      total 117248K, used 0K [0x00000000d5c00000, 0x00000000e1d00000, 0x0000000100000000)
  eden space 104448K, 0% used [0x00000000d5c00000,0x00000000d5c00000,0x00000000dc200000)
  from space 12800K, 0% used [0x00000000dc200000,0x00000000dc200000,0x00000000dce80000)
  to   space 14336K, 0% used [0x00000000e0f00000,0x00000000e0f00000,0x00000000e1d00000)
 ParOldGen       total 94720K, used 18773K [0x0000000081400000, 0x0000000087080000, 0x00000000d5c00000)
  object space 94720K, 19% used [0x0000000081400000,0x00000000826554b8,0x0000000087080000)
 Metaspace       used 34218K, capacity 35334K, committed 35416K, reserved 1079296K
  class space    used 4442K, capacity 4664K, committed 4736K, reserved 1048576K
}

